<?xml version="1.0" encoding="UTF-8"?>
<!-- Generated by org.testng.reporters.JUnitXMLReporter -->
<testsuite hostname="Admin-PC" name="Test" tests="11" failures="0" timestamp="29 Jun 2021 14:31:05 GMT" time="283.651" errors="0">
  <testcase name="tile" time="7.083" classname="testPage.CreditCardTest"/>
  <testcase name="checkTitle" time="3.824" classname="testPage.ProductPageTest"/>
  <testcase name="paymentTitle" time="0.023" classname="testPage.PaymentPageTest"/>
  <testcase name="veriftTitle" time="0.127" classname="testPage.HomePageTest"/>
  <testcase name="siginCheck" time="3.29" classname="testPage.SearchPageTest"/>
  <testcase name="EnterCardAndverifyErrorMessage" time="3.555" classname="testPage.CreditCardTest"/>
  <testcase name="ClickOnBuy" time="7.763" classname="testPage.ProductPageTest"/>
  <testcase name="cardSelect" time="8.269" classname="testPage.PaymentPageTest"/>
  <testcase name="loginTest" time="2.183" classname="testPage.HomePageTest"/>
  <testcase name="loginTest" time="4.24" classname="testPage.LoginPageTest"/>
  <testcase name="productClick" time="7.069" classname="testPage.SearchPageTest"/>
</testsuite> <!-- Test -->
