<?xml version="1.0" encoding="UTF-8"?>
<testng-results skipped="0" failed="0" total="11" passed="11">
  <reporter-output>
  </reporter-output>
  <suite name="Suite" duration-ms="283651" started-at="2021-06-29T14:26:22Z" finished-at="2021-06-29T14:31:05Z">
    <groups>
    </groups>
    <test name="Test" duration-ms="283651" started-at="2021-06-29T14:26:22Z" finished-at="2021-06-29T14:31:05Z">
      <class name="testPage.ProductPageTest">
        <test-method status="PASS" signature="start()[pri:0, instance:testPage.ProductPageTest@f6efaab]" name="start" is-config="true" duration-ms="18057" started-at="2021-06-29T19:57:06Z" finished-at="2021-06-29T19:57:24Z">
          <reporter-output>
          </reporter-output>
        </test-method> <!-- start -->
        <test-method status="PASS" signature="checkTitle()[pri:0, instance:testPage.ProductPageTest@f6efaab]" name="checkTitle" duration-ms="3824" started-at="2021-06-29T19:57:24Z" finished-at="2021-06-29T19:57:28Z">
          <reporter-output>
          </reporter-output>
        </test-method> <!-- checkTitle -->
        <test-method status="PASS" signature="end()[pri:0, instance:testPage.ProductPageTest@f6efaab]" name="end" is-config="true" duration-ms="670" started-at="2021-06-29T19:57:28Z" finished-at="2021-06-29T19:57:29Z">
          <reporter-output>
          </reporter-output>
        </test-method> <!-- end -->
        <test-method status="PASS" signature="start()[pri:0, instance:testPage.ProductPageTest@f6efaab]" name="start" is-config="true" duration-ms="20700" started-at="2021-06-29T19:59:12Z" finished-at="2021-06-29T19:59:33Z">
          <reporter-output>
          </reporter-output>
        </test-method> <!-- start -->
        <test-method status="PASS" signature="ClickOnBuy()[pri:0, instance:testPage.ProductPageTest@f6efaab]" name="ClickOnBuy" duration-ms="7763" started-at="2021-06-29T19:59:33Z" finished-at="2021-06-29T19:59:41Z">
          <reporter-output>
          </reporter-output>
        </test-method> <!-- ClickOnBuy -->
        <test-method status="PASS" signature="end()[pri:0, instance:testPage.ProductPageTest@f6efaab]" name="end" is-config="true" duration-ms="661" started-at="2021-06-29T19:59:41Z" finished-at="2021-06-29T19:59:41Z">
          <reporter-output>
          </reporter-output>
        </test-method> <!-- end -->
      </class> <!-- testPage.ProductPageTest -->
      <class name="testPage.CreditCardTest">
        <test-method status="PASS" signature="start()[pri:0, instance:testPage.CreditCardTest@74f0ea28]" name="start" is-config="true" duration-ms="36283" started-at="2021-06-29T19:56:22Z" finished-at="2021-06-29T19:56:58Z">
          <reporter-output>
          </reporter-output>
        </test-method> <!-- start -->
        <test-method status="PASS" signature="tile()[pri:0, instance:testPage.CreditCardTest@74f0ea28]" name="tile" duration-ms="7083" started-at="2021-06-29T19:56:58Z" finished-at="2021-06-29T19:57:05Z">
          <reporter-output>
          </reporter-output>
        </test-method> <!-- tile -->
        <test-method status="PASS" signature="end()[pri:0, instance:testPage.CreditCardTest@74f0ea28]" name="end" is-config="true" duration-ms="700" started-at="2021-06-29T19:57:05Z" finished-at="2021-06-29T19:57:06Z">
          <reporter-output>
          </reporter-output>
        </test-method> <!-- end -->
        <test-method status="PASS" signature="start()[pri:0, instance:testPage.CreditCardTest@74f0ea28]" name="start" is-config="true" duration-ms="34379" started-at="2021-06-29T19:58:33Z" finished-at="2021-06-29T19:59:08Z">
          <reporter-output>
          </reporter-output>
        </test-method> <!-- start -->
        <test-method status="PASS" signature="EnterCardAndverifyErrorMessage()[pri:0, instance:testPage.CreditCardTest@74f0ea28]" name="EnterCardAndverifyErrorMessage" duration-ms="3555" started-at="2021-06-29T19:59:08Z" finished-at="2021-06-29T19:59:11Z">
          <reporter-output>
          </reporter-output>
        </test-method> <!-- EnterCardAndverifyErrorMessage -->
        <test-method status="PASS" signature="end()[pri:0, instance:testPage.CreditCardTest@74f0ea28]" name="end" is-config="true" duration-ms="665" started-at="2021-06-29T19:59:11Z" finished-at="2021-06-29T19:59:12Z">
          <reporter-output>
          </reporter-output>
        </test-method> <!-- end -->
      </class> <!-- testPage.CreditCardTest -->
      <class name="testPage.PaymentPageTest">
        <test-method status="PASS" signature="start()[pri:0, instance:testPage.PaymentPageTest@3c19aaa5]" name="start" is-config="true" duration-ms="37350" started-at="2021-06-29T19:57:29Z" finished-at="2021-06-29T19:58:06Z">
          <reporter-output>
          </reporter-output>
        </test-method> <!-- start -->
        <test-method status="PASS" signature="paymentTitle()[pri:0, instance:testPage.PaymentPageTest@3c19aaa5]" name="paymentTitle" duration-ms="23" started-at="2021-06-29T19:58:06Z" finished-at="2021-06-29T19:58:06Z">
          <reporter-output>
          </reporter-output>
        </test-method> <!-- paymentTitle -->
        <test-method status="PASS" signature="end()[pri:0, instance:testPage.PaymentPageTest@3c19aaa5]" name="end" is-config="true" duration-ms="658" started-at="2021-06-29T19:58:07Z" finished-at="2021-06-29T19:58:07Z">
          <reporter-output>
          </reporter-output>
        </test-method> <!-- end -->
        <test-method status="PASS" signature="start()[pri:0, instance:testPage.PaymentPageTest@3c19aaa5]" name="start" is-config="true" duration-ms="27250" started-at="2021-06-29T19:59:41Z" finished-at="2021-06-29T20:00:09Z">
          <reporter-output>
          </reporter-output>
        </test-method> <!-- start -->
        <test-method status="PASS" signature="cardSelect()[pri:0, instance:testPage.PaymentPageTest@3c19aaa5]" name="cardSelect" duration-ms="8269" started-at="2021-06-29T20:00:09Z" finished-at="2021-06-29T20:00:17Z">
          <reporter-output>
          </reporter-output>
        </test-method> <!-- cardSelect -->
        <test-method status="PASS" signature="end()[pri:0, instance:testPage.PaymentPageTest@3c19aaa5]" name="end" is-config="true" duration-ms="659" started-at="2021-06-29T20:00:17Z" finished-at="2021-06-29T20:00:18Z">
          <reporter-output>
          </reporter-output>
        </test-method> <!-- end -->
      </class> <!-- testPage.PaymentPageTest -->
      <class name="testPage.HomePageTest">
        <test-method status="PASS" signature="before()[pri:0, instance:testPage.HomePageTest@6aeb35e6]" name="before" is-config="true" duration-ms="6468" started-at="2021-06-29T19:58:07Z" finished-at="2021-06-29T19:58:14Z">
          <reporter-output>
          </reporter-output>
        </test-method> <!-- before -->
        <test-method status="PASS" signature="veriftTitle()[pri:0, instance:testPage.HomePageTest@6aeb35e6]" name="veriftTitle" duration-ms="127" started-at="2021-06-29T19:58:14Z" finished-at="2021-06-29T19:58:14Z">
          <reporter-output>
          </reporter-output>
        </test-method> <!-- veriftTitle -->
        <test-method status="PASS" signature="end()[pri:0, instance:testPage.HomePageTest@6aeb35e6]" name="end" is-config="true" duration-ms="935" started-at="2021-06-29T19:58:15Z" finished-at="2021-06-29T19:58:15Z">
          <reporter-output>
          </reporter-output>
        </test-method> <!-- end -->
        <test-method status="PASS" signature="before()[pri:0, instance:testPage.HomePageTest@6aeb35e6]" name="before" is-config="true" duration-ms="5800" started-at="2021-06-29T20:00:18Z" finished-at="2021-06-29T20:00:24Z">
          <reporter-output>
          </reporter-output>
        </test-method> <!-- before -->
        <test-method status="PASS" signature="loginTest()[pri:0, instance:testPage.HomePageTest@6aeb35e6]" name="loginTest" duration-ms="2183" started-at="2021-06-29T20:00:24Z" finished-at="2021-06-29T20:00:26Z">
          <reporter-output>
          </reporter-output>
        </test-method> <!-- loginTest -->
        <test-method status="PASS" signature="end()[pri:0, instance:testPage.HomePageTest@6aeb35e6]" name="end" is-config="true" duration-ms="815" started-at="2021-06-29T20:00:26Z" finished-at="2021-06-29T20:00:27Z">
          <reporter-output>
          </reporter-output>
        </test-method> <!-- end -->
      </class> <!-- testPage.HomePageTest -->
      <class name="testPage.LoginPageTest">
        <test-method status="PASS" signature="before()[pri:0, instance:testPage.LoginPageTest@1283bb96]" name="before" is-config="true" duration-ms="9395" started-at="2021-06-29T20:00:27Z" finished-at="2021-06-29T20:00:36Z">
          <reporter-output>
          </reporter-output>
        </test-method> <!-- before -->
        <test-method status="PASS" signature="loginTest()[pri:0, instance:testPage.LoginPageTest@1283bb96]" name="loginTest" duration-ms="4240" started-at="2021-06-29T20:00:36Z" finished-at="2021-06-29T20:00:41Z">
          <reporter-output>
          </reporter-output>
        </test-method> <!-- loginTest -->
        <test-method status="PASS" signature="end()[pri:0, instance:testPage.LoginPageTest@1283bb96]" name="end" is-config="true" duration-ms="619" started-at="2021-06-29T20:00:44Z" finished-at="2021-06-29T20:00:45Z">
          <reporter-output>
          </reporter-output>
        </test-method> <!-- end -->
      </class> <!-- testPage.LoginPageTest -->
      <class name="testPage.SearchPageTest">
        <test-method status="PASS" signature="start()[pri:0, instance:testPage.SearchPageTest@77fbd92c]" name="start" is-config="true" duration-ms="13330" started-at="2021-06-29T19:58:15Z" finished-at="2021-06-29T19:58:29Z">
          <reporter-output>
          </reporter-output>
        </test-method> <!-- start -->
        <test-method status="PASS" signature="siginCheck()[pri:0, instance:testPage.SearchPageTest@77fbd92c]" name="siginCheck" duration-ms="3290" started-at="2021-06-29T19:58:29Z" finished-at="2021-06-29T19:58:32Z">
          <reporter-output>
          </reporter-output>
        </test-method> <!-- siginCheck -->
        <test-method status="PASS" signature="end()[pri:0, instance:testPage.SearchPageTest@77fbd92c]" name="end" is-config="true" duration-ms="623" started-at="2021-06-29T19:58:33Z" finished-at="2021-06-29T19:58:33Z">
          <reporter-output>
          </reporter-output>
        </test-method> <!-- end -->
        <test-method status="PASS" signature="start()[pri:0, instance:testPage.SearchPageTest@77fbd92c]" name="start" is-config="true" duration-ms="12458" started-at="2021-06-29T20:00:45Z" finished-at="2021-06-29T20:00:57Z">
          <reporter-output>
          </reporter-output>
        </test-method> <!-- start -->
        <test-method status="PASS" signature="productClick()[pri:0, instance:testPage.SearchPageTest@77fbd92c]" name="productClick" duration-ms="7069" started-at="2021-06-29T20:00:57Z" finished-at="2021-06-29T20:01:04Z">
          <reporter-output>
          </reporter-output>
        </test-method> <!-- productClick -->
        <test-method status="PASS" signature="end()[pri:0, instance:testPage.SearchPageTest@77fbd92c]" name="end" is-config="true" duration-ms="662" started-at="2021-06-29T20:01:05Z" finished-at="2021-06-29T20:01:05Z">
          <reporter-output>
          </reporter-output>
        </test-method> <!-- end -->
      </class> <!-- testPage.SearchPageTest -->
    </test> <!-- Test -->
  </suite> <!-- Suite -->
</testng-results>
